#
# There is insufficient memory for the Java Runtime Environment to continue.
# Native memory allocation (mmap) failed to map 132120576 bytes for G1 virtual space
# Possible reasons:
#   The system is out of physical RAM or swap space
#   The process is running with CompressedOops enabled, and the Java Heap may be blocking the growth of the native heap
# Possible solutions:
#   Reduce memory load on the system
#   Increase physical memory or swap space
#   Check if swap backing store is full
#   Decrease Java heap size (-Xmx/-Xms)
#   Decrease number of Java threads
#   Decrease Java thread stack sizes (-Xss)
#   Set larger code cache with -XX:ReservedCodeCacheSize=
#   JVM is running with Unscaled Compressed Oops mode in which the Java heap is
#     placed in the first 4GB address space. The Java Heap base address is the
#     maximum limit for the native heap growth. Please use -XX:HeapBaseMinAddress
#     to set the Java Heap base and to place the Java Heap above 4GB virtual address.
# This output file may be truncated or incomplete.
#
#  Out of Memory Error (os_windows.cpp:3613), pid=15072, tid=14060
#
# JRE version:  (17.0.10+7) (build )
# Java VM: OpenJDK 64-Bit Server VM (17.0.10+7, mixed mode, sharing, tiered, compressed oops, compressed class ptrs, g1 gc, windows-amd64)
# No core dump will be written. Minidumps are not enabled by default on client versions of Windows
#

---------------  S U M M A R Y ------------

Command Line: -Dfile.encoding=UTF-8 -Dstdout.encoding=UTF-8 -Dstderr.encoding=UTF-8 -XX:+ShowCodeDetailsInExceptionMessages com.person.MainApp

Host: Intel(R) Core(TM) i5-7300HQ CPU @ 2.50GHz, 4 cores, 7G,  Windows 10 , 64 bit Build 19041 (10.0.19041.3636)
Time: Sat Mar  2 11:55:30 2024 India Standard Time elapsed time: 0.041205 seconds (0d 0h 0m 0s)

---------------  T H R E A D  ---------------

Current thread (0x000002af4d97dca0):  JavaThread "Unknown thread" [_thread_in_vm, id=14060, stack(0x000000e54eb00000,0x000000e54ec00000)]

Stack: [0x000000e54eb00000,0x000000e54ec00000]
Native frames: (J=compiled Java code, j=interpreted, Vv=VM code, C=native code)
V  [jvm.dll+0x67d2c9]
V  [jvm.dll+0x834afa]
V  [jvm.dll+0x8365be]
V  [jvm.dll+0x836c23]
V  [jvm.dll+0x2477ff]
V  [jvm.dll+0x67a109]
V  [jvm.dll+0x66eb7a]
V  [jvm.dll+0x30764b]
V  [jvm.dll+0x30eaf6]
V  [jvm.dll+0x35e83e]
V  [jvm.dll+0x35ea6f]
V  [jvm.dll+0x2de248]
V  [jvm.dll+0x2df1b4]
V  [jvm.dll+0x806361]
V  [jvm.dll+0x36c6f1]
V  [jvm.dll+0x7e4e06]
V  [jvm.dll+0x3eff3f]
V  [jvm.dll+0x3f1b71]
C  [jli.dll+0x528f]
C  [ucrtbase.dll+0x21bb2]
C  [KERNEL32.DLL+0x17344]
C  [ntdll.dll+0x526b1]


---------------  P R O C E S S  ---------------

Threads class SMR info:
_java_thread_list=0x00007ff9bb51ee98, length=0, elements={
}

Java Threads: ( => current thread )

Other Threads:
  0x000002af4d9d6e80 GCTaskThread "GC Thread#0" [stack: 0x000000e54ec00000,0x000000e54ed00000] [id=3648]
  0x000002af4d9e79d0 ConcurrentGCThread "G1 Main Marker" [stack: 0x000000e54ed00000,0x000000e54ee00000] [id=14280]
  0x000002af4d9e8cd0 ConcurrentGCThread "G1 Conc#0" [stack: 0x000000e54ee00000,0x000000e54ef00000] [id=15296]

[error occurred during error reporting (printing all threads), id 0xc0000005, EXCEPTION_ACCESS_VIOLATION (0xc0000005) at pc=0x00007ff9bacdec87]

VM state: not at safepoint (not fully initialized)

VM Mutex/Monitor currently owned by a thread:  ([mutex/lock_event])
[0x000002af4d977bf0] Heap_lock - owner thread: 0x000002af4d97dca0

Heap address: 0x0000000082000000, size: 2016 MB, Compressed Oops mode: 32-bit

CDS archive(s) mapped at: [0x0000000000000000-0x0000000000000000-0x0000000000000000), size 0, SharedBaseAddress: 0x0000000800000000, ArchiveRelocationMode: 1.
Narrow klass base: 0x0000000000000000, Narrow klass shift: 0, Narrow klass range: 0x0

GC Precious Log:
<Empty>

Heap:
 garbage-first heap   total 0K, used 0K [0x0000000082000000, 0x0000000100000000)
  region size 1024K, 0 young (0K), 0 survivors (0K)

[error occurred during error reporting (printing heap information), id 0xc0000005, EXCEPTION_ACCESS_VIOLATION (0xc0000005) at pc=0x00007ff9bb0c6fb9]

GC Heap History (0 events):
No events

Dll operation events (1 events):
Event: 0.011 Loaded shared library D:\sts-4.21.1.RELEASE\plugins\org.eclipse.justj.openjdk.hotspot.jre.full.win32.x86_64_17.0.10.v20240120-1143\jre\bin\java.dll

Deoptimization events (0 events):
No events

Classes unloaded (0 events):
No events

Classes redefined (0 events):
No events

Internal exceptions (0 events):
No events

VM Operations (0 events):
No events

Events (0 events):
No events


Dynamic libraries:
0x00007ff7d12b0000 - 0x00007ff7d12be000 	D:\sts-4.21.1.RELEASE\plugins\org.eclipse.justj.openjdk.hotspot.jre.full.win32.x86_64_17.0.10.v20240120-1143\jre\bin\javaw.exe
0x00007ffa10350000 - 0x00007ffa10548000 	C:\WINDOWS\SYSTEM32\ntdll.dll
0x00007ffa0ebf0000 - 0x00007ffa0ecad000 	C:\WINDOWS\System32\KERNEL32.DLL
0x00007ffa0da80000 - 0x00007ffa0dd76000 	C:\WINDOWS\System32\KERNELBASE.dll
0x00007ffa0e260000 - 0x00007ffa0e360000 	C:\WINDOWS\System32\ucrtbase.dll
0x00007ff9f1bb0000 - 0x00007ff9f1bc7000 	D:\sts-4.21.1.RELEASE\plugins\org.eclipse.justj.openjdk.hotspot.jre.full.win32.x86_64_17.0.10.v20240120-1143\jre\bin\jli.dll
0x00007ffa10170000 - 0x00007ffa1030e000 	C:\WINDOWS\System32\USER32.dll
0x00007ffa0e060000 - 0x00007ffa0e082000 	C:\WINDOWS\System32\win32u.dll
0x00007ffa0e3f0000 - 0x00007ffa0e41b000 	C:\WINDOWS\System32\GDI32.dll
0x00007ffa0e090000 - 0x00007ffa0e1a7000 	C:\WINDOWS\System32\gdi32full.dll
0x00007ffa0df70000 - 0x00007ffa0e00d000 	C:\WINDOWS\System32\msvcp_win.dll
0x00007ff9ec790000 - 0x00007ff9ec7ab000 	D:\sts-4.21.1.RELEASE\plugins\org.eclipse.justj.openjdk.hotspot.jre.full.win32.x86_64_17.0.10.v20240120-1143\jre\bin\VCRUNTIME140.dll
0x00007ff9eece0000 - 0x00007ff9eef7a000 	C:\WINDOWS\WinSxS\amd64_microsoft.windows.common-controls_6595b64144ccf1df_6.0.19041.3636_none_60b6a03d71f818d5\COMCTL32.dll
0x00007ffa0e420000 - 0x00007ffa0e4be000 	C:\WINDOWS\System32\msvcrt.dll
0x00007ffa0ecb0000 - 0x00007ffa0ece2000 	C:\WINDOWS\System32\IMM32.DLL
0x00007ffa070f0000 - 0x00007ffa070fc000 	D:\sts-4.21.1.RELEASE\plugins\org.eclipse.justj.openjdk.hotspot.jre.full.win32.x86_64_17.0.10.v20240120-1143\jre\bin\vcruntime140_1.dll
0x00007ff9e8900000 - 0x00007ff9e898d000 	D:\sts-4.21.1.RELEASE\plugins\org.eclipse.justj.openjdk.hotspot.jre.full.win32.x86_64_17.0.10.v20240120-1143\jre\bin\msvcp140.dll
0x00007ff9ba9f0000 - 0x00007ff9bb652000 	D:\sts-4.21.1.RELEASE\plugins\org.eclipse.justj.openjdk.hotspot.jre.full.win32.x86_64_17.0.10.v20240120-1143\jre\bin\server\jvm.dll
0x00007ffa0e9d0000 - 0x00007ffa0ea83000 	C:\WINDOWS\System32\ADVAPI32.dll
0x00007ffa100d0000 - 0x00007ffa1016f000 	C:\WINDOWS\System32\sechost.dll
0x00007ffa0f870000 - 0x00007ffa0f996000 	C:\WINDOWS\System32\RPCRT4.dll
0x00007ffa0e360000 - 0x00007ffa0e387000 	C:\WINDOWS\System32\bcrypt.dll
0x00007ffa0cf80000 - 0x00007ffa0cfcb000 	C:\WINDOWS\SYSTEM32\POWRPROF.dll
0x00007ff9f0d30000 - 0x00007ff9f0d39000 	C:\WINDOWS\SYSTEM32\WSOCK32.dll
0x00007ffa0e960000 - 0x00007ffa0e9cb000 	C:\WINDOWS\System32\WS2_32.dll
0x00007ff9fa6b0000 - 0x00007ff9fa6d7000 	C:\WINDOWS\SYSTEM32\WINMM.dll
0x00007ffa034a0000 - 0x00007ffa034aa000 	C:\WINDOWS\SYSTEM32\VERSION.dll
0x00007ffa0cde0000 - 0x00007ffa0cdf2000 	C:\WINDOWS\SYSTEM32\UMPDC.dll
0x00007ffa0c240000 - 0x00007ffa0c252000 	C:\WINDOWS\SYSTEM32\kernel.appcore.dll
0x00007ffa08a00000 - 0x00007ffa08a0a000 	D:\sts-4.21.1.RELEASE\plugins\org.eclipse.justj.openjdk.hotspot.jre.full.win32.x86_64_17.0.10.v20240120-1143\jre\bin\jimage.dll
0x00007ffa0bf20000 - 0x00007ffa0c104000 	C:\WINDOWS\SYSTEM32\DBGHELP.DLL
0x00007ff9f9510000 - 0x00007ff9f9544000 	C:\WINDOWS\SYSTEM32\dbgcore.DLL
0x00007ffa0dee0000 - 0x00007ffa0df62000 	C:\WINDOWS\System32\bcryptPrimitives.dll
0x00007ffa05090000 - 0x00007ffa050b5000 	D:\sts-4.21.1.RELEASE\plugins\org.eclipse.justj.openjdk.hotspot.jre.full.win32.x86_64_17.0.10.v20240120-1143\jre\bin\java.dll

dbghelp: loaded successfully - version: 4.0.5 - missing functions: none
symbol engine: initialized successfully - sym options: 0x614 - pdb path: .;D:\sts-4.21.1.RELEASE\plugins\org.eclipse.justj.openjdk.hotspot.jre.full.win32.x86_64_17.0.10.v20240120-1143\jre\bin;C:\WINDOWS\SYSTEM32;C:\WINDOWS\WinSxS\amd64_microsoft.windows.common-controls_6595b64144ccf1df_6.0.19041.3636_none_60b6a03d71f818d5;D:\sts-4.21.1.RELEASE\plugins\org.eclipse.justj.openjdk.hotspot.jre.full.win32.x86_64_17.0.10.v20240120-1143\jre\bin\server

VM Arguments:
jvm_args: -Dfile.encoding=UTF-8 -Dstdout.encoding=UTF-8 -Dstderr.encoding=UTF-8 -XX:+ShowCodeDetailsInExceptionMessages 
java_command: com.person.MainApp
java_class_path (initial): D:\Spring_workspace\AllAnnotations\target\classes;C:\Users\aadar\.m2\repository\org\springframework\spring-core\4.1.4.RELEASE\spring-core-4.1.4.RELEASE.jar;C:\Users\aadar\.m2\repository\commons-logging\commons-logging\1.2\commons-logging-1.2.jar;C:\Users\aadar\.m2\repository\org\springframework\spring-context\4.1.4.RELEASE\spring-context-4.1.4.RELEASE.jar;C:\Users\aadar\.m2\repository\org\springframework\spring-aop\4.1.4.RELEASE\spring-aop-4.1.4.RELEASE.jar;C:\Users\aadar\.m2\repository\aopalliance\aopalliance\1.0\aopalliance-1.0.jar;C:\Users\aadar\.m2\repository\org\springframework\spring-beans\4.1.4.RELEASE\spring-beans-4.1.4.RELEASE.jar;C:\Users\aadar\.m2\repository\org\springframework\spring-expression\4.1.4.RELEASE\spring-expression-4.1.4.RELEASE.jar;D:\Spring_workspace\AnnotationsQualifiersDemo\target\classes
Launcher Type: SUN_STANDARD

[Global flags]
     intx CICompilerCount                          = 3                                         {product} {ergonomic}
     uint ConcGCThreads                            = 1                                         {product} {ergonomic}
     uint G1ConcRefinementThreads                  = 4                                         {product} {ergonomic}
   size_t G1HeapRegionSize                         = 1048576                                   {product} {ergonomic}
    uintx GCDrainStackTargetSize                   = 64                                        {product} {ergonomic}
   size_t InitialHeapSize                          = 132120576                                 {product} {ergonomic}
   size_t MarkStackSize                            = 4194304                                   {product} {ergonomic}
   size_t MaxHeapSize                              = 2113929216                                {product} {ergonomic}
   size_t MinHeapDeltaBytes                        = 1048576                                   {product} {ergonomic}
   size_t MinHeapSize                              = 8388608                                   {product} {ergonomic}
    uintx NonNMethodCodeHeapSize                   = 5832780                                {pd product} {ergonomic}
    uintx NonProfiledCodeHeapSize                  = 122912730                              {pd product} {ergonomic}
    uintx ProfiledCodeHeapSize                     = 122912730                              {pd product} {ergonomic}
    uintx ReservedCodeCacheSize                    = 251658240                              {pd product} {ergonomic}
     bool SegmentedCodeCache                       = true                                      {product} {ergonomic}
     bool ShowCodeDetailsInExceptionMessages       = true                                   {manageable} {command line}
   size_t SoftMaxHeapSize                          = 2113929216                             {manageable} {ergonomic}
     bool UseCompressedClassPointers               = true                           {product lp64_product} {ergonomic}
     bool UseCompressedOops                        = true                           {product lp64_product} {ergonomic}
     bool UseG1GC                                  = true                                      {product} {ergonomic}
     bool UseLargePagesIndividualAllocation        = false                                  {pd product} {ergonomic}

Logging:
Log output configuration:
 #0: stdout all=warning uptime,level,tags
 #1: stderr all=off uptime,level,tags

Environment Variables:
JAVA_HOME=C:\Program Files\Java\jdk-18.0.2.1
PATH=D:/sts-4.21.1.RELEASE//plugins/org.eclipse.justj.openjdk.hotspot.jre.full.win32.x86_64_17.0.10.v20240120-1143/jre/bin/server;D:/sts-4.21.1.RELEASE//plugins/org.eclipse.justj.openjdk.hotspot.jre.full.win32.x86_64_17.0.10.v20240120-1143/jre/bin;C:\Program Files\Java\jdk-18.0.2.1\bin;C:\Program Files (x86)\Intel\iCLS Client\;C:\Program Files\Intel\iCLS Client\;C:\Windows\system32;C:\Windows;C:\Windows\System32\Wbem;C:\Windows\System32\WindowsPowerShell\v1.0\;C:\Program Files (x86)\Intel\Intel(R) Management Engine Components\DAL;C:\Program Files\Intel\Intel(R) Management Engine Components\DAL;C:\Program Files (x86)\Intel\Intel(R) Management Engine Components\IPT;C:\Program Files\Intel\Intel(R) Management Engine Components\IPT;C:\Program Files\Intel\WiFi\bin\;C:\Program Files\Common Files\Intel\WirelessCommon\;C:\Program Files (x86)\NVIDIA Corporation\PhysX\Common;C:\WINDOWS\system32;C:\WINDOWS;C:\WINDOWS\System32\Wbem;C:\WINDOWS\System32\WindowsPowerShell\v1.0\;C:\WINDOWS\System32\OpenSSH\;C:\Program Files\nodejs\;C:\Program Files\MySQL\MySQL Shell 8.0\bin\;C:\Users\aadar\AppData\Local\Microsoft\WindowsApps;C:\Users\aadar\AppData\Local\Programs\Microsoft VS Code\bin;C:\Users\aadar\AppData\Roaming\npm;C:\Users\aadar\AppData\Local\GitHubDesktop\bin;D:\sts-4.21.1.RELEASE;
USERNAME=aadar
OS=Windows_NT
PROCESSOR_IDENTIFIER=Intel64 Family 6 Model 158 Stepping 9, GenuineIntel
TMP=C:\Users\aadar\AppData\Local\Temp
TEMP=C:\Users\aadar\AppData\Local\Temp



Periodic native trim disabled


---------------  S Y S T E M  ---------------

OS:
 Windows 10 , 64 bit Build 19041 (10.0.19041.3636)
OS uptime: 0 days 2:07 hours
Hyper-V role detected

CPU: total 4 (initial active 4) (4 cores per cpu, 1 threads per core) family 6 model 158 stepping 9 microcode 0xea, cx8, cmov, fxsr, mmx, 3dnowpref, sse, sse2, sse3, ssse3, sse4.1, sse4.2, popcnt, lzcnt, tsc, tscinvbit, avx, avx2, aes, erms, clmul, bmi1, bmi2, adx, fma, vzeroupper, clflush, clflushopt, hv
Processor Information for all 4 processors :
  Max Mhz: 2501, Current Mhz: 2501, Mhz Limit: 2501

Memory: 4k page, system-wide physical 8058M (1691M free)
TotalPageFile size 11683M (AvailPageFile size 70M)
current process WorkingSet (physical memory assigned to process): 10M, peak: 10M
current process commit charge ("private bytes"): 51M, peak: 177M

vm_info: OpenJDK 64-Bit Server VM (17.0.10+7) for windows-amd64 JRE (17.0.10+7), built on Jan 16 2024 23:25:11 by "admin" with MS VC++ 16.10 / 16.11 (VS2019)

END.
